#
# A fatal error has been detected by the Java Runtime Environment:
#
#  Internal Error (classFileParser.cpp:3494), pid=5062, tid=140488331646720
#  Error: ShouldNotReachHere()
#
# JRE version: 6.0_31-b04
# Java VM: Java HotSpot(TM) 64-Bit Server VM (20.6-b01 mixed mode linux-amd64 compressed oops)
# If you would like to submit a bug report, please visit:
#   http://java.sun.com/webapps/bugreport/crash.jsp
#

---------------  T H R E A D  ---------------

Current thread (0x00007fc5f800a000):  JavaThread "Unknown thread" [_thread_in_vm, id=5063, stack(0x00007fc5fd0a5000,0x00007fc5fd1a6000)]

Stack: [0x00007fc5fd0a5000,0x00007fc5fd1a6000],  sp=0x00007fc5fd1a4150,  free space=1020k
Native frames: (J=compiled Java code, j=interpreted, Vv=VM code, C=native code)
V  [libjvm.so+0x85eba5]  VMError::report_and_die()+0x265
V  [libjvm.so+0x3e4286]  report_should_not_reach_here(char const*, int)+0x46
V  [libjvm.so+0x36d61b]  ClassFileParser::parseClassFile(symbolHandle, Handle, Handle, KlassHandle, GrowableArray<Handle>*, symbolHandle&, bool, Thread*)+0x2b8b
V  [libjvm.so+0x373aaf]  ClassLoader::load_classfile(symbolHandle, Thread*)+0x22f
V  [libjvm.so+0x7eb95f]  SystemDictionary::load_instance_class(symbolHandle, Handle, Thread*)+0xef
V  [libjvm.so+0x7e9945]  SystemDictionary::resolve_instance_class_or_null(symbolHandle, Handle, Handle, Thread*)+0x575
V  [libjvm.so+0x7e86d1]  SystemDictionary::resolve_or_null(symbolHandle, Handle, Handle, Thread*)+0x81
V  [libjvm.so+0x7e82e4]  SystemDictionary::resolve_or_fail(symbolHandle, Handle, Handle, bool, Thread*)+0x34
V  [libjvm.so+0x7ed160]  SystemDictionary::initialize_wk_klass(SystemDictionary::WKID, int, Thread*)+0x70
V  [libjvm.so+0x7ed1f5]  SystemDictionary::initialize_wk_klasses_until(SystemDictionary::WKID, SystemDictionary::WKID&, Thread*)+0x45
V  [libjvm.so+0x7ed2d5]  SystemDictionary::initialize_preloaded_classes(Thread*)+0x75
V  [libjvm.so+0x7ed088]  SystemDictionary::initialize(Thread*)+0xd8
V  [libjvm.so+0x834ac8]  Universe::genesis(Thread*)+0x598
V  [libjvm.so+0x8369d9]  universe2_init()+0x29
V  [libjvm.so+0x4ac42c]  init_globals()+0x8c
V  [libjvm.so+0x81cd74]  Threads::create_vm(JavaVMInitArgs*, bool*)+0x214
V  [libjvm.so+0x51a660]  JNI_CreateJavaVM+0x80


---------------  P R O C E S S  ---------------

Java Threads: ( => current thread )

Other Threads:

=>0x00007fc5f800a000 (exited) JavaThread "Unknown thread" [_thread_in_vm, id=5063, stack(0x00007fc5fd0a5000,0x00007fc5fd1a6000)]

VM state:not at safepoint (not fully initialized)

VM Mutex/Monitor currently owned by a thread: None

Dynamic libraries:
40000000-40009000 r-xp 00000000 08:07 1180903                            /opt/jdk1.6.0_31/bin/java
40108000-4010a000 rwxp 00008000 08:07 1180903                            /opt/jdk1.6.0_31/bin/java
40cde000-40cff000 rwxp 00000000 00:00 0                                  [heap]
bf800000-c0cc0000 rwxp 00000000 00:00 0 
c0cc0000-c4a00000 rwxp 00000000 00:00 0 
c4a00000-c7190000 rwxp 00000000 00:00 0 
c7190000-ec360000 rwxp 00000000 00:00 0 
ec360000-ed720000 rwxp 00000000 00:00 0 
ed720000-100000000 rwxp 00000000 00:00 0 
7fc5e8000000-7fc5e8021000 rwxp 00000000 00:00 0 
7fc5e8021000-7fc5ec000000 ---p 00000000 00:00 0 
7fc5f0000000-7fc5f0021000 rwxp 00000000 00:00 0 
7fc5f0021000-7fc5f4000000 ---p 00000000 00:00 0 
7fc5f4383000-7fc5f4449000 r-xs 0116f000 08:06 6691499                    /home/licb/software/sdk/android-sdk-linux_x86/platforms/android-17/android.jar
7fc5f4449000-7fc5f4471000 rwxp 00000000 00:00 0 
7fc5f4471000-7fc5f4472000 ---p 00000000 00:00 0 
7fc5f4472000-7fc5f4572000 rwxp 00000000 00:00 0 
7fc5f4572000-7fc5f4573000 ---p 00000000 00:00 0 
7fc5f4573000-7fc5f467e000 rwxp 00000000 00:00 0 
7fc5f467e000-7fc5f469c000 rwxp 00000000 00:00 0 
7fc5f469c000-7fc5f46b0000 rwxp 00000000 00:00 0 
7fc5f46b0000-7fc5f47d9000 rwxp 00000000 00:00 0 
7fc5f47d9000-7fc5f47e4000 rwxp 00000000 00:00 0 
7fc5f47e4000-7fc5f4802000 rwxp 00000000 00:00 0 
7fc5f4802000-7fc5f4816000 rwxp 00000000 00:00 0 
7fc5f4816000-7fc5f493e000 rwxp 00000000 00:00 0 
7fc5f493e000-7fc5f4949000 rwxp 00000000 00:00 0 
7fc5f4949000-7fc5f49dd000 rwxp 00000000 00:00 0 
7fc5f49dd000-7fc5f4c4e000 rwxp 00000000 00:00 0 
7fc5f4c4e000-7fc5f79de000 rwxp 00000000 00:00 0 
7fc5f79de000-7fc5f79ea000 r-xp 00000000 08:08 2625754                    /lib/x86_64-linux-gnu/libnss_files-2.15.so
7fc5f79ea000-7fc5f7be9000 ---p 0000c000 08:08 2625754                    /lib/x86_64-linux-gnu/libnss_files-2.15.so
7fc5f7be9000-7fc5f7bea000 r-xp 0000b000 08:08 2625754                    /lib/x86_64-linux-gnu/libnss_files-2.15.so
7fc5f7bea000-7fc5f7beb000 rwxp 0000c000 08:08 2625754                    /lib/x86_64-linux-gnu/libnss_files-2.15.so
7fc5f7beb000-7fc5f7bf5000 r-xp 00000000 08:08 2625750                    /lib/x86_64-linux-gnu/libnss_nis-2.15.so
7fc5f7bf5000-7fc5f7df5000 ---p 0000a000 08:08 2625750                    /lib/x86_64-linux-gnu/libnss_nis-2.15.so
7fc5f7df5000-7fc5f7df6000 r-xp 0000a000 08:08 2625750                    /lib/x86_64-linux-gnu/libnss_nis-2.15.so
7fc5f7df6000-7fc5f7df7000 rwxp 0000b000 08:08 2625750                    /lib/x86_64-linux-gnu/libnss_nis-2.15.so
7fc5f7df7000-7fc5f7dff000 r-xp 00000000 08:08 2625755                    /lib/x86_64-linux-gnu/libnss_compat-2.15.so
7fc5f7dff000-7fc5f7ffe000 ---p 00008000 08:08 2625755                    /lib/x86_64-linux-gnu/libnss_compat-2.15.so
7fc5f7ffe000-7fc5f7fff000 r-xp 00007000 08:08 2625755                    /lib/x86_64-linux-gnu/libnss_compat-2.15.so
7fc5f7fff000-7fc5f8000000 rwxp 00008000 08:08 2625755                    /lib/x86_64-linux-gnu/libnss_compat-2.15.so
7fc5f8000000-7fc5f807f000 rwxp 00000000 00:00 0 
7fc5f807f000-7fc5fc000000 ---p 00000000 00:00 0 
7fc5fc008000-7fc5fc016000 r-xp 00000000 08:07 1180763                    /opt/jdk1.6.0_31/jre/lib/amd64/libzip.so
7fc5fc016000-7fc5fc118000 ---p 0000e000 08:07 1180763                    /opt/jdk1.6.0_31/jre/lib/amd64/libzip.so
7fc5fc118000-7fc5fc11b000 rwxp 00010000 08:07 1180763                    /opt/jdk1.6.0_31/jre/lib/amd64/libzip.so
7fc5fc11b000-7fc5fc11c000 rwxp 00000000 00:00 0 
7fc5fc11c000-7fc5fc803000 r-xp 00000000 08:08 1317541                    /usr/lib/locale/locale-archive
7fc5fc803000-7fc5fc806000 r-xp 00000000 08:07 1180747                    /opt/jdk1.6.0_31/jre/lib/amd64/libnpt.so
7fc5fc806000-7fc5fc905000 ---p 00003000 08:07 1180747                    /opt/jdk1.6.0_31/jre/lib/amd64/libnpt.so
7fc5fc905000-7fc5fc906000 rwxp 00002000 08:07 1180747                    /opt/jdk1.6.0_31/jre/lib/amd64/libnpt.so
7fc5fc906000-7fc5fc93c000 r-xp 00000000 08:07 1180774                    /opt/jdk1.6.0_31/jre/lib/amd64/libjdwp.so
7fc5fc93c000-7fc5fca3b000 ---p 00036000 08:07 1180774                    /opt/jdk1.6.0_31/jre/lib/amd64/libjdwp.so
7fc5fca3b000-7fc5fca45000 rwxp 00035000 08:07 1180774                    /opt/jdk1.6.0_31/jre/lib/amd64/libjdwp.so
7fc5fca45000-7fc5fca5c000 r-xp 00000000 08:08 2625766                    /lib/x86_64-linux-gnu/libnsl-2.15.so
7fc5fca5c000-7fc5fcc5b000 ---p 00017000 08:08 2625766                    /lib/x86_64-linux-gnu/libnsl-2.15.so
7fc5fcc5b000-7fc5fcc5c000 r-xp 00016000 08:08 2625766                    /lib/x86_64-linux-gnu/libnsl-2.15.so
7fc5fcc5c000-7fc5fcc5d000 rwxp 00017000 08:08 2625766                    /lib/x86_64-linux-gnu/libnsl-2.15.so
7fc5fcc5d000-7fc5fcc5f000 rwxp 00000000 00:00 0 
7fc5fcc5f000-7fc5fcc88000 r-xp 00000000 08:07 1180757                    /opt/jdk1.6.0_31/jre/lib/amd64/libjava.so
7fc5fcc88000-7fc5fcd87000 ---p 00029000 08:07 1180757                    /opt/jdk1.6.0_31/jre/lib/amd64/libjava.so
7fc5fcd87000-7fc5fcd8e000 rwxp 00028000 08:07 1180757                    /opt/jdk1.6.0_31/jre/lib/amd64/libjava.so
7fc5fcd8e000-7fc5fcd9b000 r-xp 00000000 08:07 1180742                    /opt/jdk1.6.0_31/jre/lib/amd64/libverify.so
7fc5fcd9b000-7fc5fce9a000 ---p 0000d000 08:07 1180742                    /opt/jdk1.6.0_31/jre/lib/amd64/libverify.so
7fc5fce9a000-7fc5fce9d000 rwxp 0000c000 08:07 1180742                    /opt/jdk1.6.0_31/jre/lib/amd64/libverify.so
7fc5fce9d000-7fc5fcea4000 r-xp 00000000 08:08 2625747                    /lib/x86_64-linux-gnu/librt-2.15.so
7fc5fcea4000-7fc5fd0a3000 ---p 00007000 08:08 2625747                    /lib/x86_64-linux-gnu/librt-2.15.so
7fc5fd0a3000-7fc5fd0a4000 r-xp 00006000 08:08 2625747                    /lib/x86_64-linux-gnu/librt-2.15.so
7fc5fd0a4000-7fc5fd0a5000 rwxp 00007000 08:08 2625747                    /lib/x86_64-linux-gnu/librt-2.15.so
7fc5fd0a5000-7fc5fd0a8000 ---p 00000000 00:00 0 
7fc5fd0a8000-7fc5fd1a6000 rwxp 00000000 00:00 0 
7fc5fd1a6000-7fc5fd2a1000 r-xp 00000000 08:08 2625752                    /lib/x86_64-linux-gnu/libm-2.15.so
7fc5fd2a1000-7fc5fd4a0000 ---p 000fb000 08:08 2625752                    /lib/x86_64-linux-gnu/libm-2.15.so
7fc5fd4a0000-7fc5fd4a1000 r-xp 000fa000 08:08 2625752                    /lib/x86_64-linux-gnu/libm-2.15.so
7fc5fd4a1000-7fc5fd4a2000 rwxp 000fb000 08:08 2625752                    /lib/x86_64-linux-gnu/libm-2.15.so
7fc5fd4a2000-7fc5fddbc000 r-xp 00000000 08:07 1180761                    /opt/jdk1.6.0_31/jre/lib/amd64/server/libjvm.so
7fc5fddbc000-7fc5fdebe000 ---p 0091a000 08:07 1180761                    /opt/jdk1.6.0_31/jre/lib/amd64/server/libjvm.so
7fc5fdebe000-7fc5fe073000 rwxp 0091c000 08:07 1180761                    /opt/jdk1.6.0_31/jre/lib/amd64/server/libjvm.so
7fc5fe073000-7fc5fe0ad000 rwxp 00000000 00:00 0 
7fc5fe0ad000-7fc5fe262000 r-xp 00000000 08:08 2625316                    /lib/x86_64-linux-gnu/libc-2.15.so
7fc5fe262000-7fc5fe461000 ---p 001b5000 08:08 2625316                    /lib/x86_64-linux-gnu/libc-2.15.so
7fc5fe461000-7fc5fe465000 r-xp 001b4000 08:08 2625316                    /lib/x86_64-linux-gnu/libc-2.15.so
7fc5fe465000-7fc5fe467000 rwxp 001b8000 08:08 2625316                    /lib/x86_64-linux-gnu/libc-2.15.so
7fc5fe467000-7fc5fe46c000 rwxp 00000000 00:00 0 
7fc5fe46c000-7fc5fe46e000 r-xp 00000000 08:08 2625297                    /lib/x86_64-linux-gnu/libdl-2.15.so
7fc5fe46e000-7fc5fe66e000 ---p 00002000 08:08 2625297                    /lib/x86_64-linux-gnu/libdl-2.15.so
7fc5fe66e000-7fc5fe66f000 r-xp 00002000 08:08 2625297                    /lib/x86_64-linux-gnu/libdl-2.15.so
7fc5fe66f000-7fc5fe670000 rwxp 00003000 08:08 2625297                    /lib/x86_64-linux-gnu/libdl-2.15.so
7fc5fe670000-7fc5fe688000 r-xp 00000000 08:08 2625745                    /lib/x86_64-linux-gnu/libpthread-2.15.so
7fc5fe688000-7fc5fe887000 ---p 00018000 08:08 2625745                    /lib/x86_64-linux-gnu/libpthread-2.15.so
7fc5fe887000-7fc5fe888000 r-xp 00017000 08:08 2625745                    /lib/x86_64-linux-gnu/libpthread-2.15.so
7fc5fe888000-7fc5fe889000 rwxp 00018000 08:08 2625745                    /lib/x86_64-linux-gnu/libpthread-2.15.so
7fc5fe889000-7fc5fe88d000 rwxp 00000000 00:00 0 
7fc5fe88d000-7fc5fe8af000 r-xp 00000000 08:08 2625760                    /lib/x86_64-linux-gnu/ld-2.15.so
7fc5fe8c4000-7fc5fe8ce000 rwxp 00000000 00:00 0 
7fc5fe8ce000-7fc5fe984000 rwxp 00000000 00:00 0 
7fc5fe984000-7fc5fe987000 rwxp 00000000 00:00 0 
7fc5fe987000-7fc5fe98e000 r-xp 00000000 08:07 1180769                    /opt/jdk1.6.0_31/jre/lib/amd64/jli/libjli.so
7fc5fe98e000-7fc5fea8f000 ---p 00007000 08:07 1180769                    /opt/jdk1.6.0_31/jre/lib/amd64/jli/libjli.so
7fc5fea8f000-7fc5fea91000 rwxp 00008000 08:07 1180769                    /opt/jdk1.6.0_31/jre/lib/amd64/jli/libjli.so
7fc5fea91000-7fc5fea92000 rwxp 00000000 00:00 0 
7fc5feaa3000-7fc5feaab000 rwxs 00000000 08:08 4073498                    /tmp/hsperfdata_licb/5062
7fc5feaab000-7fc5feaac000 rwxp 00000000 00:00 0 
7fc5feaac000-7fc5feaad000 r-xp 00000000 00:00 0 
7fc5feaad000-7fc5feaaf000 rwxp 00000000 00:00 0 
7fc5feaaf000-7fc5feab0000 r-xp 00022000 08:08 2625760                    /lib/x86_64-linux-gnu/ld-2.15.so
7fc5feab0000-7fc5feab2000 rwxp 00023000 08:08 2625760                    /lib/x86_64-linux-gnu/ld-2.15.so
7fff5da28000-7fff5da49000 rwxp 00000000 00:00 0                          [stack]
7fff5dbff000-7fff5dc00000 r-xp 00000000 00:00 0                          [vdso]
ffffffffff600000-ffffffffff601000 r-xp 00000000 00:00 0                  [vsyscall]

VM Arguments:
jvm_args: -agentlib:jdwp=transport=dt_socket,suspend=y,address=localhost:50307 -Dfile.encoding=UTF-8 -Xbootclasspath:/home/licb/software/sdk/android-sdk-linux_x86/platforms/android-17/android.jar 
java_command: com.licb.bookmanage.util.BookInfofromDouban
Launcher Type: SUN_STANDARD

Environment Variables:
JAVA_HOME=/opt/jdk1.6.0_31
CLASSPATH=.:/opt/jdk1.6.0_31/lib/tools.jar:/opt/jdk1.6.0_31/lib/dt.jar
PATH=/opt/maven-3.0.4/bin:/opt/jdk1.6.0_31/bin:/opt/jdk1.6.0_31/jre/bin:/home/licb/software/sdk/android-sdk-linux_x86/platform-tools:/usr/lib/lightdm/lightdm:/usr/local/sbin:/usr/local/bin:/usr/sbin:/usr/bin:/sbin:/bin:/usr/games
LD_LIBRARY_PATH=/opt/jdk1.6.0_31/jre/lib/amd64/server:/opt/jdk1.6.0_31/jre/lib/amd64:/opt/jdk1.6.0_31/jre/../lib/amd64
SHELL=/bin/bash
DISPLAY=:0.0

Signal Handlers:
SIGSEGV: [libjvm.so+0x85f7d0], sa_mask[0]=0x7ffbfeff, sa_flags=0x10000004
SIGBUS: [libjvm.so+0x85f7d0], sa_mask[0]=0x7ffbfeff, sa_flags=0x10000004
SIGFPE: [libjvm.so+0x70e3e0], sa_mask[0]=0x7ffbfeff, sa_flags=0x10000004
SIGPIPE: [libjvm.so+0x70e3e0], sa_mask[0]=0x7ffbfeff, sa_flags=0x10000004
SIGXFSZ: [libjvm.so+0x70e3e0], sa_mask[0]=0x7ffbfeff, sa_flags=0x10000004
SIGILL: [libjvm.so+0x70e3e0], sa_mask[0]=0x7ffbfeff, sa_flags=0x10000004
SIGUSR1: SIG_DFL, sa_mask[0]=0x00000000, sa_flags=0x00000000
SIGUSR2: [libjvm.so+0x711210], sa_mask[0]=0x00000004, sa_flags=0x10000004
SIGHUP: SIG_DFL, sa_mask[0]=0x00000000, sa_flags=0x00000000
SIGINT: SIG_DFL, sa_mask[0]=0x00000000, sa_flags=0x00000000
SIGTERM: SIG_DFL, sa_mask[0]=0x00000000, sa_flags=0x00000000
SIGQUIT: SIG_DFL, sa_mask[0]=0x00000000, sa_flags=0x00000000


---------------  S Y S T E M  ---------------

OS:wheezy/sid

uname:Linux 3.2.0-33-generic #52-Ubuntu SMP Thu Oct 18 16:29:15 UTC 2012 x86_64
libc:glibc 2.15 NPTL 2.15 
rlimit: STACK 8192k, CORE 0k, NPROC 30216, NOFILE 4096, AS infinity
load average:0.62 0.35 0.26

/proc/meminfo:
MemTotal:        3885328 kB
MemFree:          575616 kB
Buffers:          440656 kB
Cached:          1257088 kB
SwapCached:            0 kB
Active:          1873348 kB
Inactive:        1073732 kB
Active(anon):    1255016 kB
Inactive(anon):   151108 kB
Active(file):     618332 kB
Inactive(file):   922624 kB
Unevictable:           0 kB
Mlocked:               0 kB
SwapTotal:       3998716 kB
SwapFree:        3998716 kB
Dirty:               176 kB
Writeback:             0 kB
AnonPages:       1249516 kB
Mapped:           143968 kB
Shmem:            156632 kB
Slab:             262856 kB
SReclaimable:     239296 kB
SUnreclaim:        23560 kB
KernelStack:        2992 kB
PageTables:        23116 kB
NFS_Unstable:          0 kB
Bounce:                0 kB
WritebackTmp:          0 kB
CommitLimit:     5941380 kB
Committed_AS:    2967184 kB
VmallocTotal:   34359738367 kB
VmallocUsed:      556188 kB
VmallocChunk:   34359168608 kB
HardwareCorrupted:     0 kB
AnonHugePages:         0 kB
HugePages_Total:       0
HugePages_Free:        0
HugePages_Rsvd:        0
HugePages_Surp:        0
Hugepagesize:       2048 kB
DirectMap4k:       47104 kB
DirectMap2M:     3983360 kB


CPU:total 2 (2 cores per cpu, 1 threads per core) family 6 model 23 stepping 10, cmov, cx8, fxsr, mmx, sse, sse2, sse3, ssse3

/proc/cpuinfo:
processor	: 0
vendor_id	: GenuineIntel
cpu family	: 6
model		: 23
model name	: Pentium(R) Dual-Core CPU       T4400  @ 2.20GHz
stepping	: 10
microcode	: 0xa07
cpu MHz		: 2200.000
cache size	: 1024 KB
physical id	: 0
siblings	: 2
core id		: 0
cpu cores	: 2
apicid		: 0
initial apicid	: 0
fpu		: yes
fpu_exception	: yes
cpuid level	: 13
wp		: yes
flags		: fpu vme de pse tsc msr pae mce cx8 apic sep mtrr pge mca cmov pat pse36 clflush dts acpi mmx fxsr sse sse2 ss ht tm pbe syscall nx lm constant_tsc arch_perfmon pebs bts rep_good nopl aperfmperf pni dtes64 monitor ds_cpl est tm2 ssse3 cx16 xtpr pdcm xsave lahf_lm dtherm
bogomips	: 4388.91
clflush size	: 64
cache_alignment	: 64
address sizes	: 36 bits physical, 48 bits virtual
power management:

processor	: 1
vendor_id	: GenuineIntel
cpu family	: 6
model		: 23
model name	: Pentium(R) Dual-Core CPU       T4400  @ 2.20GHz
stepping	: 10
microcode	: 0xa07
cpu MHz		: 1200.000
cache size	: 1024 KB
physical id	: 0
siblings	: 2
core id		: 1
cpu cores	: 2
apicid		: 1
initial apicid	: 1
fpu		: yes
fpu_exception	: yes
cpuid level	: 13
wp		: yes
flags		: fpu vme de pse tsc msr pae mce cx8 apic sep mtrr pge mca cmov pat pse36 clflush dts acpi mmx fxsr sse sse2 ss ht tm pbe syscall nx lm constant_tsc arch_perfmon pebs bts rep_good nopl aperfmperf pni dtes64 monitor ds_cpl est tm2 ssse3 cx16 xtpr pdcm xsave lahf_lm dtherm
bogomips	: 4388.94
clflush size	: 64
cache_alignment	: 64
address sizes	: 36 bits physical, 48 bits virtual
power management:



Memory: 4k page, physical 3885328k(575616k free), swap 3998716k(3998716k free)

vm_info: Java HotSpot(TM) 64-Bit Server VM (20.6-b01) for linux-amd64 JRE (1.6.0_31-b04), built on Jan 20 2012 10:18:50 by "java_re" with gcc 3.2.2 (SuSE Linux)

time: Fri Jun 14 11:56:16 2013
elapsed time: 0 seconds

